  Scanning sources for module dependencies...
  main.cpp
E:\my_work\DirectX 11\Sculpt\UserInterface\NuiLibrary.hpp(16,18): warning C5050: Possible incompatible environment while importing module 'NuiLibrary': _CPPRTTI is defined in current command line and not in module command line
E:\my_work\DirectX 11\Sculpt\UserInterface\NuiLibrary.hpp(16,18): warning C5050: Possible incompatible environment while importing module 'NuiLibrary': _M_FP_EXCEPT is defined in module command line and not in current command line
E:\my_work\DirectX 11\Sculpt\UserInterface\NuiLibrary.hpp(16,18): warning C5050: Possible incompatible environment while importing module 'NuiLibrary': _CONTROL_FLOW_GUARD=1 is defined in module command line and not in current command line
E:\my_work\DirectX 11\Sculpt\Client\main.cpp(36,1): warning C5050: Possible incompatible environment while importing module 'Input': _CPPRTTI is defined in current command line and not in module command line
E:\my_work\DirectX 11\Sculpt\Client\main.cpp(36,1): warning C5050: Possible incompatible environment while importing module 'Input': _M_FP_EXCEPT is defined in module command line and not in current command line
E:\my_work\DirectX 11\Sculpt\Client\main.cpp(36,1): warning C5050: Possible incompatible environment while importing module 'Input': _CONTROL_FLOW_GUARD=1 is defined in module command line and not in current command line
E:\my_work\DirectX 11\Sculpt\Client\main.cpp(36,1): warning C5050: Possible incompatible environment while importing module 'TextureAtlas': _CPPRTTI is defined in current command line and not in module command line
E:\my_work\DirectX 11\Sculpt\Client\main.cpp(36,1): warning C5050: Possible incompatible environment while importing module 'TextureAtlas': _M_FP_EXCEPT is defined in module command line and not in current command line
E:\my_work\DirectX 11\Sculpt\Client\main.cpp(36,1): warning C5050: Possible incompatible environment while importing module 'TextureAtlas': _CONTROL_FLOW_GUARD=1 is defined in module command line and not in current command line
E:\my_work\DirectX 11\Sculpt\Client\main.cpp(36,1): warning C5050: Possible incompatible environment while importing module 'Properties': _CPPRTTI is defined in current command line and not in module command line
E:\my_work\DirectX 11\Sculpt\Client\main.cpp(36,1): warning C5050: Possible incompatible environment while importing module 'Properties': _M_FP_EXCEPT is defined in module command line and not in current command line
E:\my_work\DirectX 11\Sculpt\Client\main.cpp(36,1): warning C5050: Possible incompatible environment while importing module 'Properties': _CONTROL_FLOW_GUARD=1 is defined in module command line and not in current command line
E:\my_work\DirectX 11\Sculpt\Client\main.cpp(36,1): warning C5050: Possible incompatible environment while importing module 'MathStuff': _CPPRTTI is defined in current command line and not in module command line
E:\my_work\DirectX 11\Sculpt\Client\main.cpp(36,1): warning C5050: Possible incompatible environment while importing module 'MathStuff': _M_FP_EXCEPT is defined in module command line and not in current command line
E:\my_work\DirectX 11\Sculpt\Client\main.cpp(36,1): warning C5050: Possible incompatible environment while importing module 'MathStuff': _CONTROL_FLOW_GUARD=1 is defined in module command line and not in current command line
E:\my_work\DirectX 11\Sculpt\Client\main.cpp(55,1): warning C5050: Possible incompatible environment while importing module 'GPU_ShaderTypes': _CPPRTTI is defined in current command line and not in module command line
E:\my_work\DirectX 11\Sculpt\Client\main.cpp(55,1): warning C5050: Possible incompatible environment while importing module 'GPU_ShaderTypes': _M_FP_EXCEPT is defined in module command line and not in current command line
E:\my_work\DirectX 11\Sculpt\Client\main.cpp(55,1): warning C5050: Possible incompatible environment while importing module 'GPU_ShaderTypes': _CONTROL_FLOW_GUARD=1 is defined in module command line and not in current command line
E:\my_work\DirectX 11\Sculpt\Client\main.cpp(56,1): warning C5050: Possible incompatible environment while importing module 'CharacterAtlas': _CPPRTTI is defined in current command line and not in module command line
E:\my_work\DirectX 11\Sculpt\Client\main.cpp(56,1): warning C5050: Possible incompatible environment while importing module 'CharacterAtlas': _M_FP_EXCEPT is defined in module command line and not in current command line
E:\my_work\DirectX 11\Sculpt\Client\main.cpp(56,1): warning C5050: Possible incompatible environment while importing module 'CharacterAtlas': _CONTROL_FLOW_GUARD=1 is defined in module command line and not in current command line
  Client.vcxproj -> E:\my_work\DirectX 11\Sculpt\x64\Debug\Client.exe
